-------------------------------------------------------------------------------
Test set: com.drobox.web.WebApplicationTests
-------------------------------------------------------------------------------
Tests run: 1, Failures: 0, Errors: 1, Skipped: 0, Time elapsed: 0.432 s <<< FAILURE! - in com.drobox.web.WebApplicationTests
com.drobox.web.WebApplicationTests  Time elapsed: 0.43 s  <<< ERROR!
java.lang.IllegalStateException: Unable to find a @SpringBootConfiguration, you need to use @ContextConfiguration or @SpringBootTest(classes=...) with your test

